<?xml version="1.0" encoding="UTF-8"?>
<testsuite name="com.laboon.Verification" tests="2" skipped="1" failures="0" errors="0" timestamp="2015-03-31T23:48:49" hostname="mimir" time="0.001">
  <properties/>
  <testcase name="failTest" classname="com.laboon.Verification" time="0.0">
    <skipped/>
  </testcase>
  <testcase name="passTest" classname="com.laboon.Verification" time="0.0"/>
  <system-out><![CDATA[]]></system-out>
  <system-err><![CDATA[]]></system-err>
</testsuite>
